<?xml version="1.0" encoding="UTF-8"?>
<!-- Generated by org.testng.reporters.JUnitXMLReporter -->
<testsuite ignored="0" hostname="MACs-Mac-mini.local" failures="0" tests="3" name="Default test" time="80.427" errors="0" timestamp="2023-09-15T11:05:03 IST">
  <testcase classname="com.crm.qa.testcases.HomePageTest" name="VerifyHomePagetitleTest" time="0.017"/>
  <testcase classname="com.crm.qa.testcases.HomePageTest" name="VerifyUserNameLabelTest" time="0.106"/>
  <testcase classname="com.crm.qa.testcases.HomePageTest" name="verifyContactsLinkTest" time="2.543"/>
</testsuite> <!-- Default test -->
