<?xml version="1.0" encoding="UTF-8"?>
<testng-results ignored="0" total="1" passed="1" failed="0" skipped="0">
  <reporter-output>
  </reporter-output>
  <suite started-at="2023-09-15T16:23:33 IST" name="Default suite" finished-at="2023-09-15T16:23:39 IST" duration-ms="6263">
    <groups>
    </groups>
    <test started-at="2023-09-15T16:23:33 IST" name="Default test" finished-at="2023-09-15T16:23:39 IST" duration-ms="6263">
      <class name="com.crm.qa.testcases.DriverInitTestPage">
        <test-method is-config="true" signature="Setup()[pri:0, instance:com.crm.qa.testcases.DriverInitTestPage@55740540]" started-at="2023-09-15T16:23:33 IST" name="Setup" finished-at="2023-09-15T16:23:36 IST" duration-ms="3604" status="PASS">
          <reporter-output>
          </reporter-output>
        </test-method> <!-- Setup -->
        <test-method signature="testmothod1()[pri:0, instance:com.crm.qa.testcases.DriverInitTestPage@55740540]" started-at="2023-09-15T16:23:36 IST" name="testmothod1" finished-at="2023-09-15T16:23:39 IST" duration-ms="2252" status="PASS">
          <reporter-output>
          </reporter-output>
        </test-method> <!-- testmothod1 -->
        <test-method is-config="true" signature="tearDown()[pri:0, instance:com.crm.qa.testcases.DriverInitTestPage@55740540]" started-at="2023-09-15T16:23:39 IST" name="tearDown" finished-at="2023-09-15T16:23:39 IST" duration-ms="328" status="PASS">
          <reporter-output>
          </reporter-output>
        </test-method> <!-- tearDown -->
      </class> <!-- com.crm.qa.testcases.DriverInitTestPage -->
    </test> <!-- Default test -->
  </suite> <!-- Default suite -->
</testng-results>
