<?xml version="1.0" encoding="UTF-8"?>
<testng-results ignored="0" total="1" passed="1" failed="0" skipped="0">
  <reporter-output>
  </reporter-output>
  <suite started-at="2023-12-05T18:15:04 IST" name="Default suite" finished-at="2023-12-05T18:15:49 IST" duration-ms="45824">
    <groups>
    </groups>
    <test started-at="2023-12-05T18:15:04 IST" name="Default test" finished-at="2023-12-05T18:15:49 IST" duration-ms="45824">
      <class name="com.aiodfront.qa.TestCases.BundleFrontendTestCase">
        <test-method is-config="true" signature="setup()[pri:0, instance:com.aiodfront.qa.TestCases.BundleFrontendTestCase@28f2a10f]" started-at="2023-12-05T18:15:04 IST" name="setup" finished-at="2023-12-05T18:15:09 IST" duration-ms="5474" status="PASS">
          <reporter-output>
          </reporter-output>
        </test-method> <!-- setup -->
        <test-method signature="verifyhomePageTitle()[pri:1, instance:com.aiodfront.qa.TestCases.BundleFrontendTestCase@28f2a10f]" started-at="2023-12-05T18:15:09 IST" name="verifyhomePageTitle" finished-at="2023-12-05T18:15:46 IST" duration-ms="36975" status="PASS">
          <reporter-output>
          </reporter-output>
        </test-method> <!-- verifyhomePageTitle -->
        <test-method is-config="true" signature="CloseDriver()[pri:0, instance:com.aiodfront.qa.TestCases.BundleFrontendTestCase@28f2a10f]" started-at="2023-12-05T18:15:46 IST" name="CloseDriver" finished-at="2023-12-05T18:15:49 IST" duration-ms="3284" status="PASS">
          <reporter-output>
          </reporter-output>
        </test-method> <!-- CloseDriver -->
      </class> <!-- com.aiodfront.qa.TestCases.BundleFrontendTestCase -->
    </test> <!-- Default test -->
  </suite> <!-- Default suite -->
</testng-results>
