<?xml version="1.0" encoding="UTF-8"?>
<testng-results ignored="0" total="2" passed="2" failed="0" skipped="0">
  <reporter-output>
  </reporter-output>
  <suite started-at="2023-12-07T10:52:33 IST" name="Default suite" finished-at="2023-12-07T10:53:16 IST" duration-ms="42900">
    <groups>
    </groups>
    <test started-at="2023-12-07T10:52:33 IST" name="Default test" finished-at="2023-12-07T10:53:16 IST" duration-ms="42900">
      <class name="com.aiodfront.qa.TestCases.FreeGiftTestCase">
        <test-method is-config="true" signature="Setup()[pri:0, instance:com.aiodfront.qa.TestCases.FreeGiftTestCase@28f2a10f]" started-at="2023-12-07T10:52:33 IST" name="Setup" finished-at="2023-12-07T10:52:38 IST" duration-ms="5244" status="PASS">
          <reporter-output>
          </reporter-output>
        </test-method> <!-- Setup -->
        <test-method signature="verifyhomePageTitle()[pri:1, instance:com.aiodfront.qa.TestCases.FreeGiftTestCase@28f2a10f]" started-at="2023-12-07T10:52:38 IST" name="verifyhomePageTitle" finished-at="2023-12-07T10:52:47 IST" duration-ms="8079" status="PASS">
          <reporter-output>
          </reporter-output>
        </test-method> <!-- verifyhomePageTitle -->
        <test-method is-config="true" signature="CloseDriver()[pri:0, instance:com.aiodfront.qa.TestCases.FreeGiftTestCase@28f2a10f]" started-at="2023-12-07T10:52:47 IST" name="CloseDriver" finished-at="2023-12-07T10:52:50 IST" duration-ms="3260" status="PASS">
          <reporter-output>
          </reporter-output>
        </test-method> <!-- CloseDriver -->
        <test-method is-config="true" signature="Setup()[pri:0, instance:com.aiodfront.qa.TestCases.FreeGiftTestCase@28f2a10f]" started-at="2023-12-07T10:52:50 IST" name="Setup" finished-at="2023-12-07T10:52:53 IST" duration-ms="3596" status="PASS">
          <reporter-output>
          </reporter-output>
        </test-method> <!-- Setup -->
        <test-method signature="AddFreeGiftProduct()[pri:2, instance:com.aiodfront.qa.TestCases.FreeGiftTestCase@28f2a10f]" started-at="2023-12-07T10:52:53 IST" name="AddFreeGiftProduct" finished-at="2023-12-07T10:53:13 IST" duration-ms="19415" status="PASS">
          <reporter-output>
          </reporter-output>
        </test-method> <!-- AddFreeGiftProduct -->
        <test-method is-config="true" signature="CloseDriver()[pri:0, instance:com.aiodfront.qa.TestCases.FreeGiftTestCase@28f2a10f]" started-at="2023-12-07T10:53:13 IST" name="CloseDriver" finished-at="2023-12-07T10:53:16 IST" duration-ms="3222" status="PASS">
          <reporter-output>
          </reporter-output>
        </test-method> <!-- CloseDriver -->
      </class> <!-- com.aiodfront.qa.TestCases.FreeGiftTestCase -->
    </test> <!-- Default test -->
  </suite> <!-- Default suite -->
</testng-results>
