<?xml version="1.0" encoding="UTF-8"?>
<!-- Generated by org.testng.reporters.JUnitXMLReporter -->
<testsuite ignored="0" hostname="MACs-Mac-mini.local" failures="0" tests="15" name="Orange HRM App Test Cases" time="161.606" errors="0" timestamp="2023-04-27T16:25:59 IST">
  <testcase classname="com.hrm.qa.Testcases.LoginPageTestcase" name="LoginPageTitleTest" time="0.021"/>
  <testcase classname="com.hrm.qa.Testcases.LoginPageTestcase" name="LoginPageLogoTest" time="0.67"/>
  <testcase classname="com.hrm.qa.Testcases.LoginPageTestcase" name="LoginLabelTest" time="1.122"/>
  <testcase classname="com.hrm.qa.Testcases.LoginPageTestcase" name="ClickonforgotPassworTest" time="1.157"/>
  <testcase classname="com.hrm.qa.Testcases.LoginPageTestcase" name="VerifyOrangeOSversionTest" time="0.796"/>
  <testcase classname="com.hrm.qa.Testcases.LoginPageTestcase" name="LoginTest" time="2.194"/>
  <testcase classname="com.hrm.qa.Testcases.ForgotpasswordPageTestcase" name="verifyforgotPasswordLabelTest" time="0.448"/>
  <testcase classname="com.hrm.qa.Testcases.ForgotpasswordPageTestcase" name="VerifyforgotpasswordTest" time="1.54"/>
  <testcase classname="com.hrm.qa.Testcases.ForgotpasswordPageTestcase" name="ClickonCancelButton" time="0.762"/>
  <testcase classname="com.hrm.qa.Testcases.DashboardPageTestcase" name="DashboardLabelTest" time="3.959"/>
  <testcase classname="com.hrm.qa.Testcases.DashboardPageTestcase" name="ClickonAdminLinkTest" time="3.01"/>
  <testcase classname="com.hrm.qa.Testcases.DashboardPageTestcase" name="VerifyUserNameDropdown" time="2.507"/>
  <testcase classname="com.hrm.qa.Testcases.DashboardPageTestcase" name="VerifyMainMenuButtonTest" time="4.149"/>
  <testcase classname="com.hrm.qa.Testcases.DashboardPageTestcase" name="VerifySearchTest" time="1.924"/>
  <testcase classname="com.hrm.qa.Testcases.UserManagementPageTestcase" name="VerifyAddUserLabelTest" time="0.485"/>
</testsuite> <!-- Orange HRM App Test Cases -->
