<?xml version="1.0" encoding="UTF-8"?>
<!-- Generated by org.testng.reporters.JUnitXMLReporter -->
<testsuite ignored="0" hostname="MACs-Mac-mini.local" failures="0" tests="2" name="Default test" time="42.9" errors="0" timestamp="2023-12-07T10:53:16 IST">
  <testcase classname="com.aiodfront.qa.TestCases.FreeGiftTestCase" name="verifyhomePageTitle" time="8.079"/>
  <testcase classname="com.aiodfront.qa.TestCases.FreeGiftTestCase" name="AddFreeGiftProduct" time="19.415"/>
</testsuite> <!-- Default test -->
